<?xml version="1.0" encoding="UTF-8"?>
<testsuite name="com.gildedrose.GildedRoseTest" tests="1" skipped="0" failures="0" errors="0" timestamp="2020-11-24T14:50:02" hostname="mbp-de-dlu.home" time="0.029">
  <properties/>
  <testcase name="foo()" classname="com.gildedrose.GildedRoseTest" time="0.029"/>
  <system-out><![CDATA[]]></system-out>
  <system-err><![CDATA[]]></system-err>
</testsuite>
