<?xml version="1.0" encoding="UTF-8"?>
<testsuite name="com.gildedrose.GildedRoseTest" tests="9" skipped="0" failures="0" errors="0" timestamp="2020-11-24T16:52:05" hostname="mbp-de-dlu.home" time="0.179">
  <properties/>
  <testcase name="decreaseQualityCommonItem()" classname="com.gildedrose.GildedRoseTest" time="0.161"/>
  <testcase name="commonItemSellInDecrease()" classname="com.gildedrose.GildedRoseTest" time="0.002"/>
  <testcase name="foo()" classname="com.gildedrose.GildedRoseTest" time="0.003"/>
  <testcase name="increaseQualitySpecialItem()" classname="com.gildedrose.GildedRoseTest" time="0.001"/>
  <testcase name="commonItemQualityDecrease()" classname="com.gildedrose.GildedRoseTest" time="0.002"/>
  <testcase name="AgedBrieOverSellInDateIncreaseQuality()" classname="com.gildedrose.GildedRoseTest" time="0.001"/>
  <testcase name="testMaxQualityAlreadyReached()" classname="com.gildedrose.GildedRoseTest" time="0.001"/>
  <testcase name="backstagePassOverSellInQualityDropsToZero()" classname="com.gildedrose.GildedRoseTest" time="0.0"/>
  <testcase name="commonItemQualityOverSellInDateDecreaseDouble()" classname="com.gildedrose.GildedRoseTest" time="0.001"/>
  <system-out><![CDATA[]]></system-out>
  <system-err><![CDATA[]]></system-err>
</testsuite>
